# JRE version: OpenJDK Runtime Environment (11.0.13) (build 11.0.13+0-b1751.21-8125866)
# Java VM: OpenJDK 64-Bit Server VM (11.0.13+0-b1751.21-8125866, mixed mode, tiered, compressed oops, g1 gc, windows-amd64)
Heap:
 garbage-first heap   total 196608K, used 137912K [0x00000000a0000000, 0x0000000100000000)
  region size 1024K, 21 young (21504K), 1 survivors (1024K)
 Metaspace       used 136793K, capacity 141486K, committed 141776K, reserved 1175552K
  class space    used 16490K, capacity 18198K, committed 18304K, reserved 1048576K
GC Heap History (20 events):
Event: 9927.236 GC heap before
{Heap before GC invocations=118 (full 0):
 garbage-first heap   total 196608K, used 102740K [0x00000000a0000000, 0x0000000100000000)
  region size 1024K, 9 young (9216K), 4 survivors (4096K)
 Metaspace       used 129919K, capacity 134204K, committed 134224K, reserved 1167360K
  class space    used 15553K, capacity 17142K, committed 17152K, reserved 1048576K
}
Event: 9927.247 GC heap after
{Heap after GC invocations=119 (full 0):
 garbage-first heap   total 196608K, used 93195K [0x00000000a0000000, 0x0000000100000000)
  region size 1024K, 1 young (1024K), 1 survivors (1024K)
 Metaspace       used 129919K, capacity 134204K, committed 134224K, reserved 1167360K
  class space    used 15553K, capacity 17142K, committed 17152K, reserved 1048576K
}
Event: 9927.265 GC heap before
{Heap before GC invocations=119 (full 0):
 garbage-first heap   total 196608K, used 94219K [0x00000000a0000000, 0x0000000100000000)
  region size 1024K, 4 young (4096K), 1 survivors (1024K)
 Metaspace       used 129923K, capacity 134204K, committed 134224K, reserved 1167360K
  class space    used 15553K, capacity 17142K, committed 17152K, reserved 1048576K
}
Event: 9927.270 GC heap after
{Heap after GC invocations=120 (full 0):
 garbage-first heap   total 196608K, used 93137K [0x00000000a0000000, 0x0000000100000000)
  region size 1024K, 1 young (1024K), 1 survivors (1024K)
 Metaspace       used 129923K, capacity 134204K, committed 134224K, reserved 1167360K
  class space    used 15553K, capacity 17142K, committed 17152K, reserved 1048576K
}
Event: 10164.353 GC heap before
{Heap before GC invocations=121 (full 0):
 garbage-first heap   total 196608K, used 167889K [0x00000000a0000000, 0x0000000100000000)
  region size 1024K, 48 young (49152K), 1 survivors (1024K)
 Metaspace       used 133241K, capacity 137785K, committed 137936K, reserved 1169408K
  class space    used 16113K, capacity 17784K, committed 17792K, reserved 1048576K
}
Event: 10164.359 GC heap after
{Heap after GC invocations=122 (full 0):
 garbage-first heap   total 196608K, used 117230K [0x00000000a0000000, 0x0000000100000000)
  region size 1024K, 6 young (6144K), 6 survivors (6144K)
 Metaspace       used 133241K, capacity 137785K, committed 137936K, reserved 1169408K
  class space    used 16113K, capacity 17784K, committed 17792K, reserved 1048576K
}
Event: 10164.383 GC heap before
{Heap before GC invocations=122 (full 0):
 garbage-first heap   total 196608K, used 120302K [0x00000000a0000000, 0x0000000100000000)
  region size 1024K, 9 young (9216K), 6 survivors (6144K)
 Metaspace       used 133275K, capacity 137849K, committed 137936K, reserved 1169408K
  class space    used 16113K, capacity 17784K, committed 17792K, reserved 1048576K
}
Event: 10164.394 GC heap after
{Heap after GC invocations=123 (full 0):
 garbage-first heap   total 196608K, used 106636K [0x00000000a0000000, 0x0000000100000000)
  region size 1024K, 1 young (1024K), 1 survivors (1024K)
 Metaspace       used 133275K, capacity 137849K, committed 137936K, reserved 1169408K
  class space    used 16113K, capacity 17784K, committed 17792K, reserved 1048576K
}
Event: 10164.582 GC heap before
{Heap before GC invocations=123 (full 0):
 garbage-first heap   total 196608K, used 147596K [0x00000000a0000000, 0x0000000100000000)
  region size 1024K, 41 young (41984K), 1 survivors (1024K)
 Metaspace       used 133386K, capacity 137913K, committed 137936K, reserved 1169408K
  class space    used 16116K, capacity 17784K, committed 17792K, reserved 1048576K
}
Event: 10164.592 GC heap after
{Heap after GC invocations=124 (full 0):
 garbage-first heap   total 196608K, used 107571K [0x00000000a0000000, 0x0000000100000000)
  region size 1024K, 2 young (2048K), 2 survivors (2048K)
 Metaspace       used 133386K, capacity 137913K, committed 137936K, reserved 1169408K
  class space    used 16116K, capacity 17784K, committed 17792K, reserved 1048576K
}
Event: 10165.891 GC heap before
{Heap before GC invocations=125 (full 0):
 garbage-first heap   total 196608K, used 151603K [0x00000000a0000000, 0x0000000100000000)
  region size 1024K, 45 young (46080K), 2 survivors (2048K)
 Metaspace       used 134029K, capacity 138648K, committed 138832K, reserved 1171456K
  class space    used 16195K, capacity 17880K, committed 17920K, reserved 1048576K
}
Event: 10165.894 GC heap after
{Heap after GC invocations=126 (full 0):
 garbage-first heap   total 196608K, used 108274K [0x00000000a0000000, 0x0000000100000000)
  region size 1024K, 3 young (3072K), 3 survivors (3072K)
 Metaspace       used 134029K, capacity 138648K, committed 138832K, reserved 1171456K
  class space    used 16195K, capacity 17880K, committed 17920K, reserved 1048576K
}
Event: 10166.689 GC heap before
{Heap before GC invocations=126 (full 0):
 garbage-first heap   total 196608K, used 113394K [0x00000000a0000000, 0x0000000100000000)
  region size 1024K, 9 young (9216K), 3 survivors (3072K)
 Metaspace       used 134765K, capacity 139352K, committed 139472K, reserved 1171456K
  class space    used 16282K, capacity 17964K, committed 18048K, reserved 1048576K
}
Event: 10166.698 GC heap after
{Heap after GC invocations=127 (full 0):
 garbage-first heap   total 196608K, used 103455K [0x00000000a0000000, 0x0000000100000000)
  region size 1024K, 2 young (2048K), 2 survivors (2048K)
 Metaspace       used 134765K, capacity 139352K, committed 139472K, reserved 1171456K
  class space    used 16282K, capacity 17964K, committed 18048K, reserved 1048576K
}
Event: 10167.507 GC heap before
{Heap before GC invocations=127 (full 0):
 garbage-first heap   total 196608K, used 108575K [0x00000000a0000000, 0x0000000100000000)
  region size 1024K, 9 young (9216K), 2 survivors (2048K)
 Metaspace       used 135727K, capacity 140338K, committed 140624K, reserved 1171456K
  class space    used 16381K, capacity 18054K, committed 18176K, reserved 1048576K
}
Event: 10167.511 GC heap after
{Heap after GC invocations=128 (full 0):
 garbage-first heap   total 196608K, used 104170K [0x00000000a0000000, 0x0000000100000000)
  region size 1024K, 3 young (3072K), 3 survivors (3072K)
 Metaspace       used 135727K, capacity 140338K, committed 140624K, reserved 1171456K
  class space    used 16381K, capacity 18054K, committed 18176K, reserved 1048576K
}
Event: 10169.334 GC heap before
{Heap before GC invocations=129 (full 0):
 garbage-first heap   total 196608K, used 158442K [0x00000000a0000000, 0x0000000100000000)
  region size 1024K, 45 young (46080K), 3 survivors (3072K)
 Metaspace       used 135765K, capacity 140338K, committed 140624K, reserved 1171456K
  class space    used 16384K, capacity 18054K, committed 18176K, reserved 1048576K
}
Event: 10169.339 GC heap after
{Heap after GC invocations=130 (full 0):
 garbage-first heap   total 196608K, used 118807K [0x00000000a0000000, 0x0000000100000000)
  region size 1024K, 5 young (5120K), 5 survivors (5120K)
 Metaspace       used 135765K, capacity 140338K, committed 140624K, reserved 1171456K
  class space    used 16384K, capacity 18054K, committed 18176K, reserved 1048576K
}
Event: 10169.524 GC heap before
{Heap before GC invocations=130 (full 0):
 garbage-first heap   total 196608K, used 122903K [0x00000000a0000000, 0x0000000100000000)
  region size 1024K, 9 young (9216K), 5 survivors (5120K)
 Metaspace       used 135837K, capacity 140405K, committed 140624K, reserved 1171456K
  class space    used 16386K, capacity 18055K, committed 18176K, reserved 1048576K
}
Event: 10169.530 GC heap after
{Heap after GC invocations=131 (full 0):
 garbage-first heap   total 196608K, used 118456K [0x00000000a0000000, 0x0000000100000000)
  region size 1024K, 1 young (1024K), 1 survivors (1024K)
 Metaspace       used 135837K, capacity 140405K, committed 140624K, reserved 1171456K
  class space    used 16386K, capacity 18055K, committed 18176K, reserved 1048576K
}

